<?xml version="1.0" encoding="UTF-8"?>
<!-- Generated by org.testng.reporters.JUnitXMLReporter -->
<testsuite ignored="1" hostname="Saketh" failures="0" tests="1" name="Test" time="14.581" errors="0" timestamp="2023-06-01T23:44:14 IST">
  <testcase classname="saisaketh.Appium.formpagetests" name="toastmessagecheck" time="4.199"/>
  <testcase classname="saisaketh.Appium.formpagetests" name="formpagesubmit" time="0.0">
    <ignored/>
  </testcase> <!-- formpagesubmit -->
</testsuite> <!-- Test -->
