<?xml version="1.0" encoding="UTF-8"?>
<!-- Generated by org.testng.reporters.JUnitXMLReporter -->
<testsuite hostname="Saketh" ignored="0" name="Test" tests="4" failures="0" timestamp="01 Jun 2023 18:45:32 GMT" time="0.063" errors="0">
  <testcase name="@BeforeClass appiumbasics" time="0.035" classname="configurations.Appiumconfigure">
    <failure type="java.lang.AbstractMethodError" message="org.openqa.selenium.remote.service.DriverService$Builder.loadSystemProperties()V">
      <![CDATA[java.lang.AbstractMethodError: org.openqa.selenium.remote.service.DriverService$Builder.loadSystemProperties()V
at org.openqa.selenium.remote.service.DriverService$Builder.build(DriverService.java:496)
at configurations.Appiumconfigure.appiumstart(Appiumconfigure.java:66)
at configurations.Appiumconfigure.appiumbasics(Appiumconfigure.java:44)
... Removed 30 stack frames]]>
    </failure>
  </testcase> <!-- @BeforeClass appiumbasics -->
  <testcase name="@AfterClass closedriver" time="0.0" classname="configurations.Appiumconfigure">
    <skipped/>
  </testcase> <!-- @AfterClass closedriver -->
  <testcase name="toastmessagecheck" time="0.0" classname="saisaketh.Appium.formpagetests">
    <skipped/>
  </testcase> <!-- toastmessagecheck -->
  <testcase name="formpagesubmit" time="0.0" classname="saisaketh.Appium.formpagetests">
    <skipped/>
  </testcase> <!-- formpagesubmit -->
  <testcase name="formpagesubmit" time="0.0" classname="saisaketh.Appium.formpagetests">
    <skipped/>
  </testcase> <!-- formpagesubmit -->
  <testcase name="formpagesubmit" time="0.0" classname="saisaketh.Appium.formpagetests">
    <skipped/>
  </testcase> <!-- formpagesubmit -->
</testsuite> <!-- Test -->
